app/build/intermediates/manifest_merge_blame_file/debug/manifest-merger-blame-debug-report.txt
1<?xml version="1.0" encoding="utf-8"?>
2<manifest xmlns:android="http://schemas.android.com/apk/res/android"
3    package="com.ragavidya.app.debug"
4    android:versionCode="1"
5    android:versionName="1.0" >
6
7    <uses-sdk
8        android:minSdkVersion="24"
9        android:targetSdkVersion="34" />
10
11    <!-- Internet permission for Anthropic API calls (AI Identify tab) -->
12    <uses-permission android:name="android.permission.INTERNET" />
12-->src\main\AndroidManifest.xml:6:5-67
12-->src\main\AndroidManifest.xml:6:22-64
13    <!-- Microphone for audio raga identification -->
14    <uses-permission android:name="android.permission.RECORD_AUDIO" />
14-->src\main\AndroidManifest.xml:8:5-71
14-->src\main\AndroidManifest.xml:8:22-68
15
16    <application
16-->src\main\AndroidManifest.xml:10:5-33:19
17        android:allowBackup="true"
17-->src\main\AndroidManifest.xml:11:9-35
18        android:debuggable="true"
19        android:extractNativeLibs="false"
20        android:hardwareAccelerated="true"
20-->src\main\AndroidManifest.xml:17:9-43
21        android:icon="@mipmap/ic_launcher"
21-->src\main\AndroidManifest.xml:12:9-43
22        android:label="@string/app_name"
22-->src\main\AndroidManifest.xml:13:9-41
23        android:roundIcon="@mipmap/ic_launcher_round"
23-->src\main\AndroidManifest.xml:14:9-54
24        android:supportsRtl="false"
24-->src\main\AndroidManifest.xml:15:9-36
25        android:theme="@android:style/Theme.Black.NoTitleBar.Fullscreen"
25-->src\main\AndroidManifest.xml:16:9-73
26        android:usesCleartextTraffic="false" >
26-->src\main\AndroidManifest.xml:18:9-45
27        <activity
27-->src\main\AndroidManifest.xml:20:9-31:20
28            android:name="com.ragavidya.app.MainActivity"
28-->src\main\AndroidManifest.xml:21:13-41
29            android:configChanges="orientation|screenSize|keyboardHidden"
29-->src\main\AndroidManifest.xml:23:13-74
30            android:exported="true"
30-->src\main\AndroidManifest.xml:22:13-36
31            android:screenOrientation="portrait"
31-->src\main\AndroidManifest.xml:24:13-49
32            android:windowSoftInputMode="adjustResize" >
32-->src\main\AndroidManifest.xml:25:13-55
33            <intent-filter>
33-->src\main\AndroidManifest.xml:27:13-30:29
34                <action android:name="android.intent.action.MAIN" />
34-->src\main\AndroidManifest.xml:28:17-69
34-->src\main\AndroidManifest.xml:28:25-66
35
36                <category android:name="android.intent.category.LAUNCHER" />
36-->src\main\AndroidManifest.xml:29:17-77
36-->src\main\AndroidManifest.xml:29:27-74
37            </intent-filter>
38        </activity>
39    </application>
40
41</manifest>